0 info it worked if it ends with ok
1 verbose cli [ '/usr/bin/node', '/usr/bin/npm', 'install', 'node' ]
2 info using npm@3.5.2
3 info using node@v8.10.0
4 silly loadCurrentTree Starting
5 silly install loadCurrentTree
6 silly install readLocalPackageData
7 silly fetchPackageMetaData node
8 silly fetchNamedPackageData node
9 silly mapToRegistry name node
10 silly mapToRegistry using default registry
11 silly mapToRegistry registry https://registry.npmjs.org/
12 silly mapToRegistry uri https://registry.npmjs.org/node
13 verbose request uri https://registry.npmjs.org/node
14 verbose request no auth needed
15 info attempt registry request try #1 at 9:07:34 AM
16 verbose request id 3aa8e65451a08d21
17 verbose etag W/"7f44a558ab246f825c40cbc5a5952657"
18 verbose lastModified Wed, 03 Jun 2020 05:17:22 GMT
19 http request GET https://registry.npmjs.org/node
20 http 304 https://registry.npmjs.org/node
21 verbose headers { date: 'Mon, 08 Jun 2020 01:07:32 GMT',
21 verbose headers   connection: 'keep-alive',
21 verbose headers   'set-cookie':
21 verbose headers    [ '__cfduid=d8e5afcc7ee2525c3b15dbd9e8e7e2b1e1591578452; expires=Wed, 08-Jul-20 01:07:32 GMT; path=/; domain=.npmjs.org; HttpOnly; SameSite=Lax' ],
21 verbose headers   'cf-ray': '59feb76dc81301ee-SIN',
21 verbose headers   age: '4805',
21 verbose headers   'cache-control': 'public, max-age=300',
21 verbose headers   etag: '"7f44a558ab246f825c40cbc5a5952657"',
21 verbose headers   'last-modified': 'Wed, 03 Jun 2020 05:17:22 GMT',
21 verbose headers   vary: 'Accept-Encoding',
21 verbose headers   'cf-cache-status': 'HIT',
21 verbose headers   'cf-request-id': '033310f89b000001ee82a94200000001',
21 verbose headers   'expect-ct': 'max-age=604800, report-uri="https://report-uri.cloudflare.com/cdn-cgi/beacon/expect-ct"',
21 verbose headers   server: 'cloudflare' }
22 silly get cb [ 304,
22 silly get   { date: 'Mon, 08 Jun 2020 01:07:32 GMT',
22 silly get     connection: 'keep-alive',
22 silly get     'set-cookie':
22 silly get      [ '__cfduid=d8e5afcc7ee2525c3b15dbd9e8e7e2b1e1591578452; expires=Wed, 08-Jul-20 01:07:32 GMT; path=/; domain=.npmjs.org; HttpOnly; SameSite=Lax' ],
22 silly get     'cf-ray': '59feb76dc81301ee-SIN',
22 silly get     age: '4805',
22 silly get     'cache-control': 'public, max-age=300',
22 silly get     etag: '"7f44a558ab246f825c40cbc5a5952657"',
22 silly get     'last-modified': 'Wed, 03 Jun 2020 05:17:22 GMT',
22 silly get     vary: 'Accept-Encoding',
22 silly get     'cf-cache-status': 'HIT',
22 silly get     'cf-request-id': '033310f89b000001ee82a94200000001',
22 silly get     'expect-ct': 'max-age=604800, report-uri="https://report-uri.cloudflare.com/cdn-cgi/beacon/expect-ct"',
22 silly get     server: 'cloudflare' } ]
23 verbose etag https://registry.npmjs.org/node from cache
24 verbose get saving node to /home/iobt/.npm/registry.npmjs.org/node/.cache.json
25 silly install normalizeTree
26 silly loadCurrentTree Finishing
27 silly loadIdealTree Starting
28 silly install loadIdealTree
29 silly cloneCurrentTree Starting
30 silly install cloneCurrentTreeToIdealTree
31 silly cloneCurrentTree Finishing
32 silly loadShrinkwrap Starting
33 silly install loadShrinkwrap
34 silly loadShrinkwrap Finishing
35 silly loadAllDepsIntoIdealTree Starting
36 silly install loadAllDepsIntoIdealTree
37 silly resolveWithNewModule node@14.4.0 checking installable status
38 silly cache add args [ 'node', null ]
39 verbose cache add spec node
40 silly cache add parsed spec Result {
40 silly cache add   raw: 'node',
40 silly cache add   scope: null,
40 silly cache add   name: 'node',
40 silly cache add   rawSpec: '',
40 silly cache add   spec: 'latest',
40 silly cache add   type: 'tag' }
41 silly addNamed node@latest
42 verbose addNamed "latest" is being treated as a dist-tag for node
43 info addNameTag [ 'node', 'latest' ]
44 silly mapToRegistry name node
45 silly mapToRegistry using default registry
46 silly mapToRegistry registry https://registry.npmjs.org/
47 silly mapToRegistry uri https://registry.npmjs.org/node
48 verbose addNameTag registry:https://registry.npmjs.org/node not in flight; fetching
49 verbose get https://registry.npmjs.org/node not expired, no request
50 silly addNameTag next cb for node with tag latest
51 silly addNamed node@14.4.0
52 verbose addNamed "14.4.0" is a plain semver version for node
53 silly cache afterAdd node@14.4.0
54 verbose afterAdd /home/iobt/.npm/node/14.4.0/package/package.json not in flight; writing
55 verbose afterAdd /home/iobt/.npm/node/14.4.0/package/package.json written
56 silly fetchNamedPackageData node-bin-setup
57 silly mapToRegistry name node-bin-setup
58 silly mapToRegistry using default registry
59 silly mapToRegistry registry https://registry.npmjs.org/
60 silly mapToRegistry uri https://registry.npmjs.org/node-bin-setup
61 verbose request uri https://registry.npmjs.org/node-bin-setup
62 verbose request no auth needed
63 info attempt registry request try #1 at 9:07:35 AM
64 verbose etag W/"696d6ec470fda56a33885508a280edab"
65 verbose lastModified Sun, 27 May 2018 09:55:03 GMT
66 http request GET https://registry.npmjs.org/node-bin-setup
67 http 304 https://registry.npmjs.org/node-bin-setup
68 verbose headers { date: 'Mon, 08 Jun 2020 01:07:32 GMT',
68 verbose headers   connection: 'keep-alive',
68 verbose headers   'set-cookie':
68 verbose headers    [ '__cfduid=d8e5afcc7ee2525c3b15dbd9e8e7e2b1e1591578452; expires=Wed, 08-Jul-20 01:07:32 GMT; path=/; domain=.npmjs.org; HttpOnly; SameSite=Lax' ],
68 verbose headers   'cf-ray': '59feb76eba3a01ee-SIN',
68 verbose headers   age: '15',
68 verbose headers   'cache-control': 'public, max-age=300',
68 verbose headers   etag: '"696d6ec470fda56a33885508a280edab"',
68 verbose headers   'last-modified': 'Sun, 27 May 2018 09:55:03 GMT',
68 verbose headers   vary: 'Accept-Encoding',
68 verbose headers   'cf-cache-status': 'HIT',
68 verbose headers   'cf-request-id': '033310f932000001ee82aa4200000001',
68 verbose headers   'expect-ct': 'max-age=604800, report-uri="https://report-uri.cloudflare.com/cdn-cgi/beacon/expect-ct"',
68 verbose headers   server: 'cloudflare' }
69 silly get cb [ 304,
69 silly get   { date: 'Mon, 08 Jun 2020 01:07:32 GMT',
69 silly get     connection: 'keep-alive',
69 silly get     'set-cookie':
69 silly get      [ '__cfduid=d8e5afcc7ee2525c3b15dbd9e8e7e2b1e1591578452; expires=Wed, 08-Jul-20 01:07:32 GMT; path=/; domain=.npmjs.org; HttpOnly; SameSite=Lax' ],
69 silly get     'cf-ray': '59feb76eba3a01ee-SIN',
69 silly get     age: '15',
69 silly get     'cache-control': 'public, max-age=300',
69 silly get     etag: '"696d6ec470fda56a33885508a280edab"',
69 silly get     'last-modified': 'Sun, 27 May 2018 09:55:03 GMT',
69 silly get     vary: 'Accept-Encoding',
69 silly get     'cf-cache-status': 'HIT',
69 silly get     'cf-request-id': '033310f932000001ee82aa4200000001',
69 silly get     'expect-ct': 'max-age=604800, report-uri="https://report-uri.cloudflare.com/cdn-cgi/beacon/expect-ct"',
69 silly get     server: 'cloudflare' } ]
70 verbose etag https://registry.npmjs.org/node-bin-setup from cache
71 verbose get saving node-bin-setup to /home/iobt/.npm/registry.npmjs.org/node-bin-setup/.cache.json
72 silly resolveWithNewModule node-bin-setup@1.0.6 checking installable status
73 silly cache add args [ 'node-bin-setup@^1.0.0', null ]
74 verbose cache add spec node-bin-setup@^1.0.0
75 silly cache add parsed spec Result {
75 silly cache add   raw: 'node-bin-setup@^1.0.0',
75 silly cache add   scope: null,
75 silly cache add   name: 'node-bin-setup',
75 silly cache add   rawSpec: '^1.0.0',
75 silly cache add   spec: '>=1.0.0 <2.0.0',
75 silly cache add   type: 'range' }
76 silly addNamed node-bin-setup@>=1.0.0 <2.0.0
77 verbose addNamed ">=1.0.0 <2.0.0" is a valid semver range for node-bin-setup
78 silly addNameRange { name: 'node-bin-setup',
78 silly addNameRange   range: '>=1.0.0 <2.0.0',
78 silly addNameRange   hasData: false }
79 silly mapToRegistry name node-bin-setup
80 silly mapToRegistry using default registry
81 silly mapToRegistry registry https://registry.npmjs.org/
82 silly mapToRegistry uri https://registry.npmjs.org/node-bin-setup
83 verbose addNameRange registry:https://registry.npmjs.org/node-bin-setup not in flight; fetching
84 verbose get https://registry.npmjs.org/node-bin-setup not expired, no request
85 silly addNameRange number 2 { name: 'node-bin-setup',
85 silly addNameRange   range: '>=1.0.0 <2.0.0',
85 silly addNameRange   hasData: true }
86 silly addNameRange versions [ 'node-bin-setup',
86 silly addNameRange   [ '1.0.0', '1.0.1', '1.0.2', '1.0.3', '1.0.4', '1.0.6' ] ]
87 silly addNamed node-bin-setup@1.0.6
88 verbose addNamed "1.0.6" is a plain semver version for node-bin-setup
89 silly cache afterAdd node-bin-setup@1.0.6
90 verbose afterAdd /home/iobt/.npm/node-bin-setup/1.0.6/package/package.json not in flight; writing
91 verbose afterAdd /home/iobt/.npm/node-bin-setup/1.0.6/package/package.json written
92 silly loadAllDepsIntoIdealTree Finishing
93 silly idealTree:prePrune library-backend@0.0.1
93 silly idealTree:prePrune ├── node-bin-setup@1.0.6
93 silly idealTree:prePrune └── node@14.4.0
94 silly loadIdealTree Finishing
95 silly currentTree library-backend@0.0.1
96 silly idealTree library-backend@0.0.1
96 silly idealTree ├── node-bin-setup@1.0.6
96 silly idealTree └── node@14.4.0
97 silly generateActionsToTake Starting
98 silly install generateActionsToTake
99 silly generateActionsToTake Finishing
100 silly diffTrees action count 2
101 silly diffTrees add node-bin-setup@1.0.6
102 silly diffTrees add node@14.4.0
103 silly decomposeActions action count 16
104 silly decomposeActions fetch node-bin-setup@1.0.6
105 silly decomposeActions extract node-bin-setup@1.0.6
106 silly decomposeActions test node-bin-setup@1.0.6
107 silly decomposeActions preinstall node-bin-setup@1.0.6
108 silly decomposeActions build node-bin-setup@1.0.6
109 silly decomposeActions install node-bin-setup@1.0.6
110 silly decomposeActions postinstall node-bin-setup@1.0.6
111 silly decomposeActions finalize node-bin-setup@1.0.6
112 silly decomposeActions fetch node@14.4.0
113 silly decomposeActions extract node@14.4.0
114 silly decomposeActions test node@14.4.0
115 silly decomposeActions preinstall node@14.4.0
116 silly decomposeActions build node@14.4.0
117 silly decomposeActions install node@14.4.0
118 silly decomposeActions postinstall node@14.4.0
119 silly decomposeActions finalize node@14.4.0
120 silly executeActions Starting
121 silly install executeActions
122 silly doSerial global-install 0
123 silly doParallel fetch 2
124 verbose lock using /home/iobt/.npm/_locks/staging-873b26a1e5ec5430.lock for /mnt/c/Users/Tedmund/Documents/fso2020/part8/node_modules/.staging
125 silly doParallel extract 2
126 silly extract node-bin-setup@1.0.6
127 silly extract node@14.4.0
128 verbose unbuild node_modules/.staging/node-bin-setup-821d61d7
129 verbose unbuild node_modules/.staging/node-4cd60b5d
130 silly gentlyRm /mnt/c/Users/Tedmund/Documents/fso2020/part8/node_modules/.staging/node-bin-setup-821d61d7 is being purged from base /mnt/c/Users/Tedmund/Documents/fso2020/part8
131 verbose gentlyRm don't care about contents; nuking /mnt/c/Users/Tedmund/Documents/fso2020/part8/node_modules/.staging/node-bin-setup-821d61d7
132 verbose tar unpack /home/iobt/.npm/node-bin-setup/1.0.6/package.tgz
133 verbose tar unpacking to /mnt/c/Users/Tedmund/Documents/fso2020/part8/node_modules/.staging/node-bin-setup-821d61d7
134 silly gentlyRm /mnt/c/Users/Tedmund/Documents/fso2020/part8/node_modules/.staging/node-bin-setup-821d61d7 is being purged
135 verbose gentlyRm don't care about contents; nuking /mnt/c/Users/Tedmund/Documents/fso2020/part8/node_modules/.staging/node-bin-setup-821d61d7
136 silly gentlyRm /mnt/c/Users/Tedmund/Documents/fso2020/part8/node_modules/.staging/node-4cd60b5d is being purged from base /mnt/c/Users/Tedmund/Documents/fso2020/part8
137 verbose gentlyRm don't care about contents; nuking /mnt/c/Users/Tedmund/Documents/fso2020/part8/node_modules/.staging/node-4cd60b5d
138 silly gunzTarPerm modes [ '755', '644' ]
139 verbose tar unpack /home/iobt/.npm/node/14.4.0/package.tgz
140 verbose tar unpacking to /mnt/c/Users/Tedmund/Documents/fso2020/part8/node_modules/.staging/node-4cd60b5d
141 silly gentlyRm /mnt/c/Users/Tedmund/Documents/fso2020/part8/node_modules/.staging/node-4cd60b5d is being purged
142 verbose gentlyRm don't care about contents; nuking /mnt/c/Users/Tedmund/Documents/fso2020/part8/node_modules/.staging/node-4cd60b5d
143 silly gunzTarPerm modes [ '755', '644' ]
144 silly gunzTarPerm extractEntry package.json
145 silly gunzTarPerm extractEntry installArchSpecificPackage.js
146 silly gunzTarPerm extractEntry index.js
147 silly gunzTarPerm extractEntry package.json
148 silly gunzTarPerm extractEntry README.md
149 silly gentlyRm /mnt/c/Users/Tedmund/Documents/fso2020/part8/node_modules/.staging/node-bin-setup-821d61d7/node_modules is being purged
150 verbose gentlyRm don't care about contents; nuking /mnt/c/Users/Tedmund/Documents/fso2020/part8/node_modules/.staging/node-bin-setup-821d61d7/node_modules
151 silly gentlyRm /mnt/c/Users/Tedmund/Documents/fso2020/part8/node_modules/.staging/node-4cd60b5d/node_modules is being purged
152 verbose gentlyRm don't care about contents; nuking /mnt/c/Users/Tedmund/Documents/fso2020/part8/node_modules/.staging/node-4cd60b5d/node_modules
153 silly doParallel preinstall 2
154 silly preinstall node-bin-setup@1.0.6 /mnt/c/Users/Tedmund/Documents/fso2020/part8/node_modules/.staging/node-bin-setup-821d61d7
155 info lifecycle node-bin-setup@1.0.6~preinstall: node-bin-setup@1.0.6
156 silly preinstall node@14.4.0 /mnt/c/Users/Tedmund/Documents/fso2020/part8/node_modules/.staging/node-4cd60b5d
157 info lifecycle node@14.4.0~preinstall: node@14.4.0
158 silly lifecycle node-bin-setup@1.0.6~preinstall: no script for preinstall, continuing
159 warn lifecycle node@14.4.0~preinstall: cannot run in wd %s %s (wd=%s) node@14.4.0 node installArchSpecificPackage /mnt/c/Users/Tedmund/Documents/fso2020/part8/node_modules/.staging/node-4cd60b5d
160 silly doReverseSerial remove 0
161 silly doSerial move 0
162 silly doSerial finalize 2
163 silly finalize /mnt/c/Users/Tedmund/Documents/fso2020/part8/node_modules/node-bin-setup
164 silly finalize /mnt/c/Users/Tedmund/Documents/fso2020/part8/node_modules/node
165 silly doSerial build 2
166 silly build node-bin-setup@1.0.6
167 info linkStuff node-bin-setup@1.0.6
168 silly linkStuff node-bin-setup@1.0.6 has /mnt/c/Users/Tedmund/Documents/fso2020/part8/node_modules as its parent node_modules
169 verbose linkBins node-bin-setup@1.0.6
170 verbose linkMans node-bin-setup@1.0.6
171 silly build node@14.4.0
172 info linkStuff node@14.4.0
173 silly linkStuff node@14.4.0 has /mnt/c/Users/Tedmund/Documents/fso2020/part8/node_modules as its parent node_modules
174 verbose linkBins node@14.4.0
175 verbose link bins [ { node: 'bin/node' },
175 verbose link bins   '/mnt/c/Users/Tedmund/Documents/fso2020/part8/node_modules/.bin',
175 verbose link bins   false ]
176 verbose linkMans node@14.4.0
177 verbose unlock done using /home/iobt/.npm/_locks/staging-873b26a1e5ec5430.lock for /mnt/c/Users/Tedmund/Documents/fso2020/part8/node_modules/.staging
178 silly rollbackFailedOptional Starting
179 silly rollbackFailedOptional Finishing
180 silly runTopLevelLifecycles Starting
181 silly runTopLevelLifecycles Finishing
182 silly install printInstalled
183 warn library-backend@0.0.1 No description
184 warn library-backend@0.0.1 No repository field.
185 verbose stack Error: ENOENT: no such file or directory, chmod '/mnt/c/Users/Tedmund/Documents/fso2020/part8/node_modules/node/bin/node'
186 verbose cwd /mnt/c/Users/Tedmund/Documents/fso2020/part8
187 error Linux 4.4.0-18362-Microsoft
188 error argv "/usr/bin/node" "/usr/bin/npm" "install" "node"
189 error node v8.10.0
190 error npm  v3.5.2
191 error path /mnt/c/Users/Tedmund/Documents/fso2020/part8/node_modules/node/bin/node
192 error code ENOENT
193 error errno -2
194 error syscall chmod
195 error enoent ENOENT: no such file or directory, chmod '/mnt/c/Users/Tedmund/Documents/fso2020/part8/node_modules/node/bin/node'
196 error enoent ENOENT: no such file or directory, chmod '/mnt/c/Users/Tedmund/Documents/fso2020/part8/node_modules/node/bin/node'
196 error enoent This is most likely not a problem with npm itself
196 error enoent and is related to npm not being able to find a file.
197 verbose exit [ -2, true ]
